<?xml version="1.0" encoding="UTF-8"?>
<!-- Generated by org.testng.reporters.JUnitXMLReporter -->
<testsuite ignored="0" hostname="MSI" failures="0" tests="4" name="Default test" time="10.451" errors="0" timestamp="2021-05-23T03:29:20 IST">
  <testcase classname="com.herokuapp.restfulbooker.tests.BookerTests" name="createNewBookingTest" time="3.027"/>
  <testcase classname="com.herokuapp.restfulbooker.tests.BookerTests" name="deleteBookingTest" time="2.553"/>
  <testcase classname="com.herokuapp.restfulbooker.tests.BookerTests" name="getBookingTest" time="2.557"/>
  <testcase classname="com.herokuapp.restfulbooker.tests.BookerTests" name="updateBookingTest" time="2.182"/>
</testsuite> <!-- Default test -->
