<?xml version="1.0" encoding="UTF-8"?>
<!-- Generated by org.testng.reporters.JUnitXMLReporter -->
<testsuite ignored="0" hostname="MSI" failures="0" tests="4" name="Booker Tests" time="8.094" errors="0" timestamp="2021-05-23T04:48:06 IST">
  <testcase classname="com.herokuapp.restfulbooker.tests.BookerTests" name="createNewBookingTest" time="2.541"/>
  <testcase classname="com.herokuapp.restfulbooker.tests.BookerTests" name="deleteBookingTest" time="1.811"/>
  <testcase classname="com.herokuapp.restfulbooker.tests.BookerTests" name="getBookingTest" time="1.827"/>
  <testcase classname="com.herokuapp.restfulbooker.tests.BookerTests" name="updateBookingTest" time="1.816"/>
</testsuite> <!-- Booker Tests -->
