<?xml version="1.0" encoding="UTF-8"?>
<!-- Generated by org.testng.reporters.JUnitXMLReporter -->
<testsuite ignored="0" hostname="MSI" failures="0" tests="4" name="Booker Tests" time="7.881" errors="0" timestamp="2021-05-23T05:22:54 IST">
  <testcase classname="com.herokuapp.restfulbooker.tests.BookerTests" name="createNewBookingTest" time="2.192"/>
  <testcase classname="com.herokuapp.restfulbooker.tests.BookerTests" name="deleteBookingTest" time="1.898"/>
  <testcase classname="com.herokuapp.restfulbooker.tests.BookerTests" name="getBookingTest" time="1.864"/>
  <testcase classname="com.herokuapp.restfulbooker.tests.BookerTests" name="updateBookingTest" time="1.833"/>
</testsuite> <!-- Booker Tests -->
