<?xml version="1.0" encoding="UTF-8"?>
<testng-results ignored="0" total="4" passed="4" failed="0" skipped="0">
  <reporter-output>
  </reporter-output>
  <suite started-at="2021-05-23T04:47:58 IST" name="Restful Booker Tests" finished-at="2021-05-23T04:48:06 IST" duration-ms="8094">
    <groups>
    </groups>
    <test started-at="2021-05-23T04:47:58 IST" name="Booker Tests" finished-at="2021-05-23T04:48:06 IST" duration-ms="8094">
      <class name="com.herokuapp.restfulbooker.tests.BookerTests">
        <test-method is-config="true" signature="beforeSuite()[pri:0, instance:com.herokuapp.restfulbooker.tests.BookerTests@156b88f5]" started-at="2021-05-23T04:47:50 IST" name="beforeSuite" finished-at="2021-05-23T04:47:58 IST" duration-ms="8419" status="PASS">
          <reporter-output>
          </reporter-output>
        </test-method> <!-- beforeSuite -->
        <test-method signature="createNewBookingTest()[pri:0, instance:com.herokuapp.restfulbooker.tests.BookerTests@156b88f5]" started-at="2021-05-23T04:47:58 IST" name="createNewBookingTest" finished-at="2021-05-23T04:48:01 IST" duration-ms="2541" status="PASS">
          <reporter-output>
          </reporter-output>
        </test-method> <!-- createNewBookingTest -->
        <test-method signature="deleteBookingTest()[pri:0, instance:com.herokuapp.restfulbooker.tests.BookerTests@156b88f5]" started-at="2021-05-23T04:48:01 IST" name="deleteBookingTest" finished-at="2021-05-23T04:48:03 IST" duration-ms="1811" status="PASS">
          <reporter-output>
          </reporter-output>
        </test-method> <!-- deleteBookingTest -->
        <test-method signature="getBookingTest()[pri:0, instance:com.herokuapp.restfulbooker.tests.BookerTests@156b88f5]" started-at="2021-05-23T04:48:03 IST" name="getBookingTest" finished-at="2021-05-23T04:48:05 IST" duration-ms="1827" status="PASS">
          <reporter-output>
          </reporter-output>
        </test-method> <!-- getBookingTest -->
        <test-method signature="updateBookingTest()[pri:0, instance:com.herokuapp.restfulbooker.tests.BookerTests@156b88f5]" started-at="2021-05-23T04:48:05 IST" name="updateBookingTest" finished-at="2021-05-23T04:48:06 IST" duration-ms="1816" status="PASS">
          <reporter-output>
          </reporter-output>
        </test-method> <!-- updateBookingTest -->
      </class> <!-- com.herokuapp.restfulbooker.tests.BookerTests -->
    </test> <!-- Booker Tests -->
  </suite> <!-- Restful Booker Tests -->
</testng-results>
