<?xml version="1.0" encoding="UTF-8"?>
<testng-results ignored="0" total="4" passed="4" failed="0" skipped="0">
  <reporter-output>
  </reporter-output>
  <suite started-at="2021-05-23T05:22:46 IST" name="Restful Booker Tests" finished-at="2021-05-23T05:22:54 IST" duration-ms="7881">
    <groups>
    </groups>
    <test started-at="2021-05-23T05:22:46 IST" name="Booker Tests" finished-at="2021-05-23T05:22:54 IST" duration-ms="7881">
      <class name="com.herokuapp.restfulbooker.tests.BookerTests">
        <test-method is-config="true" signature="beforeSuite()[pri:0, instance:com.herokuapp.restfulbooker.tests.BookerTests@156b88f5]" started-at="2021-05-23T05:22:37 IST" name="beforeSuite" finished-at="2021-05-23T05:22:46 IST" duration-ms="8979" status="PASS">
          <reporter-output>
          </reporter-output>
        </test-method> <!-- beforeSuite -->
        <test-method signature="createNewBookingTest()[pri:0, instance:com.herokuapp.restfulbooker.tests.BookerTests@156b88f5]" started-at="2021-05-23T05:22:46 IST" name="createNewBookingTest" finished-at="2021-05-23T05:22:49 IST" duration-ms="2192" status="PASS">
          <reporter-output>
          </reporter-output>
        </test-method> <!-- createNewBookingTest -->
        <test-method signature="deleteBookingTest()[pri:0, instance:com.herokuapp.restfulbooker.tests.BookerTests@156b88f5]" started-at="2021-05-23T05:22:49 IST" name="deleteBookingTest" finished-at="2021-05-23T05:22:50 IST" duration-ms="1898" status="PASS">
          <reporter-output>
          </reporter-output>
        </test-method> <!-- deleteBookingTest -->
        <test-method signature="getBookingTest()[pri:0, instance:com.herokuapp.restfulbooker.tests.BookerTests@156b88f5]" started-at="2021-05-23T05:22:50 IST" name="getBookingTest" finished-at="2021-05-23T05:22:52 IST" duration-ms="1864" status="PASS">
          <reporter-output>
          </reporter-output>
        </test-method> <!-- getBookingTest -->
        <test-method signature="updateBookingTest()[pri:0, instance:com.herokuapp.restfulbooker.tests.BookerTests@156b88f5]" started-at="2021-05-23T05:22:52 IST" name="updateBookingTest" finished-at="2021-05-23T05:22:54 IST" duration-ms="1833" status="PASS">
          <reporter-output>
          </reporter-output>
        </test-method> <!-- updateBookingTest -->
      </class> <!-- com.herokuapp.restfulbooker.tests.BookerTests -->
    </test> <!-- Booker Tests -->
  </suite> <!-- Restful Booker Tests -->
</testng-results>
